# JRE version: OpenJDK Runtime Environment Corretto-21.0.5.11.1 (21.0.5+11) (build 21.0.5+11-LTS)
# Java VM: OpenJDK 64-Bit Server VM Corretto-21.0.5.11.1 (21.0.5+11-LTS, mixed mode, sharing, tiered, compressed oops, compressed class ptrs, g1 gc, windows-amd64)
GC Precious Log:
 CardTable entry size: 512
 Card Set container configuration: InlinePtr #cards 4 size 8 Array Of Cards #cards 32 size 80 Howl #buckets 8 coarsen threshold 7372 Howl Bitmap #cards 1024 size 144 coarsen threshold 921 Card regions per heap region 1 cards per card region 8192
 CPUs: 4 total, 4 available
 Memory: 20160M
 Large Page Support: Disabled
 NUMA Support: Disabled
 Compressed Oops: Enabled (Zero based)
 Heap Region Size: 4M
 Heap Min Capacity: 8M
 Heap Initial Capacity: 316M
 Heap Max Capacity: 5044M
 Pre-touch: Disabled
 Parallel Workers: 4
 Concurrent Workers: 1
 Concurrent Refinement Workers: 4
 Periodic GC: Disabled
Heap:
 garbage-first heap   total 143360K, used 60322K [0x00000006c4c00000, 0x0000000800000000)
  region size 4096K, 5 young (20480K), 1 survivors (4096K)
 Metaspace       used 35957K, committed 36352K, reserved 1114112K
  class space    used 4053K, committed 4224K, reserved 1048576K
GC Heap History (16 events):
Event: 1.668 GC heap before
{Heap before GC invocations=0 (full 0):
 garbage-first heap   total 323584K, used 8192K [0x00000006c4c00000, 0x0000000800000000)
  region size 4096K, 3 young (12288K), 0 survivors (0K)
 Metaspace       used 3616K, committed 3840K, reserved 1114112K
  class space    used 356K, committed 448K, reserved 1048576K
}
Event: 1.698 GC heap after
{Heap after GC invocations=1 (full 0):
 garbage-first heap   total 323584K, used 3454K [0x00000006c4c00000, 0x0000000800000000)
  region size 4096K, 1 young (4096K), 1 survivors (4096K)
 Metaspace       used 3616K, committed 3840K, reserved 1114112K
  class space    used 356K, committed 448K, reserved 1048576K
}
Event: 3.301 GC heap before
{Heap before GC invocations=1 (full 0):
 garbage-first heap   total 323584K, used 11646K [0x00000006c4c00000, 0x0000000800000000)
  region size 4096K, 3 young (12288K), 1 survivors (4096K)
 Metaspace       used 5974K, committed 6208K, reserved 1114112K
  class space    used 676K, committed 768K, reserved 1048576K
}
Event: 3.305 GC heap after
{Heap after GC invocations=2 (full 0):
 garbage-first heap   total 323584K, used 4165K [0x00000006c4c00000, 0x0000000800000000)
  region size 4096K, 1 young (4096K), 1 survivors (4096K)
 Metaspace       used 5974K, committed 6208K, reserved 1114112K
  class space    used 676K, committed 768K, reserved 1048576K
}
Event: 5.588 GC heap before
{Heap before GC invocations=2 (full 0):
 garbage-first heap   total 323584K, used 32837K [0x00000006c4c00000, 0x0000000800000000)
  region size 4096K, 9 young (36864K), 1 survivors (4096K)
 Metaspace       used 9831K, committed 9984K, reserved 1114112K
  class space    used 1139K, committed 1216K, reserved 1048576K
}
Event: 5.591 GC heap after
{Heap after GC invocations=3 (full 0):
 garbage-first heap   total 323584K, used 5276K [0x00000006c4c00000, 0x0000000800000000)
  region size 4096K, 1 young (4096K), 1 survivors (4096K)
 Metaspace       used 9831K, committed 9984K, reserved 1114112K
  class space    used 1139K, committed 1216K, reserved 1048576K
}
Event: 15.752 GC heap before
{Heap before GC invocations=3 (full 0):
 garbage-first heap   total 323584K, used 181404K [0x00000006c4c00000, 0x0000000800000000)
  region size 4096K, 38 young (155648K), 1 survivors (4096K)
 Metaspace       used 21216K, committed 21504K, reserved 1114112K
  class space    used 2379K, committed 2496K, reserved 1048576K
}
Event: 15.778 GC heap after
{Heap after GC invocations=4 (full 0):
 garbage-first heap   total 323584K, used 23501K [0x00000006c4c00000, 0x0000000800000000)
  region size 4096K, 5 young (20480K), 5 survivors (20480K)
 Metaspace       used 21216K, committed 21504K, reserved 1114112K
  class space    used 2379K, committed 2496K, reserved 1048576K
}
Event: 18.111 GC heap before
{Heap before GC invocations=5 (full 0):
 garbage-first heap   total 81920K, used 80845K [0x00000006c4c00000, 0x0000000800000000)
  region size 4096K, 19 young (77824K), 5 survivors (20480K)
 Metaspace       used 27808K, committed 28224K, reserved 1114112K
  class space    used 3115K, committed 3328K, reserved 1048576K
}
Event: 18.152 GC heap after
{Heap after GC invocations=6 (full 0):
 garbage-first heap   total 118784K, used 36147K [0x00000006c4c00000, 0x0000000800000000)
  region size 4096K, 4 young (16384K), 4 survivors (16384K)
 Metaspace       used 27808K, committed 28224K, reserved 1114112K
  class space    used 3115K, committed 3328K, reserved 1048576K
}
Event: 20.745 GC heap before
{Heap before GC invocations=6 (full 0):
 garbage-first heap   total 118784K, used 85299K [0x00000006c4c00000, 0x0000000800000000)
  region size 4096K, 16 young (65536K), 4 survivors (16384K)
 Metaspace       used 30615K, committed 31040K, reserved 1114112K
  class space    used 3458K, committed 3648K, reserved 1048576K
}
Event: 20.782 GC heap after
{Heap after GC invocations=7 (full 0):
 garbage-first heap   total 118784K, used 35148K [0x00000006c4c00000, 0x0000000800000000)
  region size 4096K, 2 young (8192K), 2 survivors (8192K)
 Metaspace       used 30615K, committed 31040K, reserved 1114112K
  class space    used 3458K, committed 3648K, reserved 1048576K
}
Event: 22.361 GC heap before
{Heap before GC invocations=7 (full 0):
 garbage-first heap   total 118784K, used 80204K [0x00000006c4c00000, 0x0000000800000000)
  region size 4096K, 14 young (57344K), 2 survivors (8192K)
 Metaspace       used 31141K, committed 31616K, reserved 1114112K
  class space    used 3488K, committed 3712K, reserved 1048576K
}
Event: 22.389 GC heap after
{Heap after GC invocations=8 (full 0):
 garbage-first heap   total 118784K, used 52427K [0x00000006c4c00000, 0x0000000800000000)
  region size 4096K, 2 young (8192K), 2 survivors (8192K)
 Metaspace       used 31141K, committed 31616K, reserved 1114112K
  class space    used 3488K, committed 3712K, reserved 1048576K
}
Event: 24.502 GC heap before
{Heap before GC invocations=8 (full 0):
 garbage-first heap   total 118784K, used 85195K [0x00000006c4c00000, 0x0000000800000000)
  region size 4096K, 11 young (45056K), 2 survivors (8192K)
 Metaspace       used 32805K, committed 33280K, reserved 1114112K
  class space    used 3692K, committed 3904K, reserved 1048576K
}
Event: 24.515 GC heap after
{Heap after GC invocations=9 (full 0):
 garbage-first heap   total 143360K, used 52130K [0x00000006c4c00000, 0x0000000800000000)
  region size 4096K, 1 young (4096K), 1 survivors (4096K)
 Metaspace       used 32805K, committed 33280K, reserved 1114112K
  class space    used 3692K, committed 3904K, reserved 1048576K
}

